C:\Users\asus\Desktop\Project\HRD_11\HRD_10\HRD_9\HRD_8\HRD_7\HRD_4\HRD_1\Framework.ngc 1483615559
C:\Users\asus\Desktop\Project\HRD_11\HRD_10\HRD_9\HRD_8\HRD_7\HRD_4\HRD_1/SAnti_jitter.ngc 1479098646
C:\Users\asus\Desktop\Project\HRD_11\HRD_10\HRD_9\HRD_8\HRD_7\HRD_4\HRD_1/SEnter_2_32.ngc 1479098630
ipcore_dir/current.ngc 1482900473
ipcore_dir/init0.ngc 1482894640
ipcore_dir/init1.ngc 1482894818
ipcore_dir/init3.ngc 1482895244
ipcore_dir/init4.ngc 1482895437
ipcore_dir/init5.ngc 1482895535
ipcore_dir/init2.ngc 1482894955
ipcore_dir/caocao_1.ngc 1482795790
ipcore_dir/caocao_2.ngc 1482418995
ipcore_dir/caocao_3.ngc 1482419331
ipcore_dir/caocao_4.ngc 1482420145
ipcore_dir/guanyu_1.ngc 1482420431
ipcore_dir/guanyu_2.ngc 1482421057
ipcore_dir/zhangfei_1.ngc 1482448143
ipcore_dir/zhangfei_2.ngc 1482448543
ipcore_dir/zhaoyun_1.ngc 1482448880
ipcore_dir/zhaoyun_2.ngc 1482451080
ipcore_dir/machao_1.ngc 1482451587
ipcore_dir/machao_2.ngc 1482452065
ipcore_dir/huangzhong_1.ngc 1482453216
ipcore_dir/huangzhong_2.ngc 1482453507
ipcore_dir/zu_1.ngc 1482332077
C:\Users\asus\Desktop\Project\HRD_11\HRD_10\HRD_9\HRD_8\HRD_7\HRD_4\HRD_1/LED_P2S.ngc 1479098792
C:\Users\asus\Desktop\Project\HRD_11\HRD_10\HRD_9\HRD_8\HRD_7\HRD_4\HRD_1/P2S.ngc 1479098802
OK
